<?xml version="1.0" encoding="UTF-8"?>
<testsuite xmlns:xsi="http://www.w3.org/2001/XMLSchema-instance" xsi:noNamespaceSchemaLocation="https://maven.apache.org/surefire/maven-surefire-plugin/xsd/surefire-test-report-3.0.xsd" version="3.0" name="com.example.backend.BackendApplicationTests" time="4.231" tests="1" errors="0" skipped="0" failures="0">
  <properties>
    <property name="java.specification.version" value="21"/>
    <property name="sun.cpu.isalist" value="amd64"/>
    <property name="sun.jnu.encoding" value="GBK"/>
    <property name="java.class.path" value="D:\ctz\BS\CommercialComp\backend\target\test-classes;D:\ctz\BS\CommercialComp\backend\target\classes;D:\ctz\BS\repo\org\springframework\boot\spring-boot-starter\3.3.5\spring-boot-starter-3.3.5.jar;D:\ctz\BS\repo\org\springframework\boot\spring-boot\3.3.5\spring-boot-3.3.5.jar;D:\ctz\BS\repo\org\springframework\spring-context\6.1.14\spring-context-6.1.14.jar;D:\ctz\BS\repo\org\springframework\boot\spring-boot-autoconfigure\3.3.5\spring-boot-autoconfigure-3.3.5.jar;D:\ctz\BS\repo\org\springframework\boot\spring-boot-starter-logging\3.3.5\spring-boot-starter-logging-3.3.5.jar;D:\ctz\BS\repo\ch\qos\logback\logback-classic\1.5.11\logback-classic-1.5.11.jar;D:\ctz\BS\repo\ch\qos\logback\logback-core\1.5.11\logback-core-1.5.11.jar;D:\ctz\BS\repo\org\apache\logging\log4j\log4j-to-slf4j\2.23.1\log4j-to-slf4j-2.23.1.jar;D:\ctz\BS\repo\org\apache\logging\log4j\log4j-api\2.23.1\log4j-api-2.23.1.jar;D:\ctz\BS\repo\org\slf4j\jul-to-slf4j\2.0.16\jul-to-slf4j-2.0.16.jar;D:\ctz\BS\repo\jakarta\annotation\jakarta.annotation-api\2.1.1\jakarta.annotation-api-2.1.1.jar;D:\ctz\BS\repo\org\springframework\spring-core\6.1.14\spring-core-6.1.14.jar;D:\ctz\BS\repo\org\springframework\spring-jcl\6.1.14\spring-jcl-6.1.14.jar;D:\ctz\BS\repo\org\yaml\snakeyaml\2.2\snakeyaml-2.2.jar;D:\ctz\BS\repo\org\springframework\boot\spring-boot-starter-test\3.3.5\spring-boot-starter-test-3.3.5.jar;D:\ctz\BS\repo\org\springframework\boot\spring-boot-test\3.3.5\spring-boot-test-3.3.5.jar;D:\ctz\BS\repo\org\springframework\boot\spring-boot-test-autoconfigure\3.3.5\spring-boot-test-autoconfigure-3.3.5.jar;D:\ctz\BS\repo\com\jayway\jsonpath\json-path\2.9.0\json-path-2.9.0.jar;D:\ctz\BS\repo\org\slf4j\slf4j-api\2.0.16\slf4j-api-2.0.16.jar;D:\ctz\BS\repo\jakarta\xml\bind\jakarta.xml.bind-api\4.0.2\jakarta.xml.bind-api-4.0.2.jar;D:\ctz\BS\repo\jakarta\activation\jakarta.activation-api\2.1.3\jakarta.activation-api-2.1.3.jar;D:\ctz\BS\repo\net\minidev\json-smart\2.5.1\json-smart-2.5.1.jar;D:\ctz\BS\repo\net\minidev\accessors-smart\2.5.1\accessors-smart-2.5.1.jar;D:\ctz\BS\repo\org\ow2\asm\asm\9.6\asm-9.6.jar;D:\ctz\BS\repo\org\assertj\assertj-core\3.25.3\assertj-core-3.25.3.jar;D:\ctz\BS\repo\net\bytebuddy\byte-buddy\1.14.19\byte-buddy-1.14.19.jar;D:\ctz\BS\repo\org\awaitility\awaitility\4.2.2\awaitility-4.2.2.jar;D:\ctz\BS\repo\org\hamcrest\hamcrest\2.2\hamcrest-2.2.jar;D:\ctz\BS\repo\org\junit\jupiter\junit-jupiter\5.10.5\junit-jupiter-5.10.5.jar;D:\ctz\BS\repo\org\junit\jupiter\junit-jupiter-api\5.10.5\junit-jupiter-api-5.10.5.jar;D:\ctz\BS\repo\org\opentest4j\opentest4j\1.3.0\opentest4j-1.3.0.jar;D:\ctz\BS\repo\org\junit\platform\junit-platform-commons\1.10.5\junit-platform-commons-1.10.5.jar;D:\ctz\BS\repo\org\apiguardian\apiguardian-api\1.1.2\apiguardian-api-1.1.2.jar;D:\ctz\BS\repo\org\junit\jupiter\junit-jupiter-params\5.10.5\junit-jupiter-params-5.10.5.jar;D:\ctz\BS\repo\org\junit\jupiter\junit-jupiter-engine\5.10.5\junit-jupiter-engine-5.10.5.jar;D:\ctz\BS\repo\org\junit\platform\junit-platform-engine\1.10.5\junit-platform-engine-1.10.5.jar;D:\ctz\BS\repo\org\mockito\mockito-core\5.11.0\mockito-core-5.11.0.jar;D:\ctz\BS\repo\net\bytebuddy\byte-buddy-agent\1.14.19\byte-buddy-agent-1.14.19.jar;D:\ctz\BS\repo\org\objenesis\objenesis\3.3\objenesis-3.3.jar;D:\ctz\BS\repo\org\mockito\mockito-junit-jupiter\5.11.0\mockito-junit-jupiter-5.11.0.jar;D:\ctz\BS\repo\org\skyscreamer\jsonassert\1.5.3\jsonassert-1.5.3.jar;D:\ctz\BS\repo\com\vaadin\external\google\android-json\0.0.20131108.vaadin1\android-json-0.0.20131108.vaadin1.jar;D:\ctz\BS\repo\org\springframework\spring-test\6.1.14\spring-test-6.1.14.jar;D:\ctz\BS\repo\org\xmlunit\xmlunit-core\2.9.1\xmlunit-core-2.9.1.jar;D:\ctz\BS\repo\org\springframework\boot\spring-boot-starter-web\3.3.5\spring-boot-starter-web-3.3.5.jar;D:\ctz\BS\repo\org\springframework\boot\spring-boot-starter-json\3.3.5\spring-boot-starter-json-3.3.5.jar;D:\ctz\BS\repo\com\fasterxml\jackson\core\jackson-databind\2.17.2\jackson-databind-2.17.2.jar;D:\ctz\BS\repo\com\fasterxml\jackson\core\jackson-annotations\2.17.2\jackson-annotations-2.17.2.jar;D:\ctz\BS\repo\com\fasterxml\jackson\core\jackson-core\2.17.2\jackson-core-2.17.2.jar;D:\ctz\BS\repo\com\fasterxml\jackson\datatype\jackson-datatype-jdk8\2.17.2\jackson-datatype-jdk8-2.17.2.jar;D:\ctz\BS\repo\com\fasterxml\jackson\datatype\jackson-datatype-jsr310\2.17.2\jackson-datatype-jsr310-2.17.2.jar;D:\ctz\BS\repo\com\fasterxml\jackson\module\jackson-module-parameter-names\2.17.2\jackson-module-parameter-names-2.17.2.jar;D:\ctz\BS\repo\org\springframework\boot\spring-boot-starter-tomcat\3.3.5\spring-boot-starter-tomcat-3.3.5.jar;D:\ctz\BS\repo\org\apache\tomcat\embed\tomcat-embed-core\10.1.31\tomcat-embed-core-10.1.31.jar;D:\ctz\BS\repo\org\apache\tomcat\embed\tomcat-embed-el\10.1.31\tomcat-embed-el-10.1.31.jar;D:\ctz\BS\repo\org\apache\tomcat\embed\tomcat-embed-websocket\10.1.31\tomcat-embed-websocket-10.1.31.jar;D:\ctz\BS\repo\org\springframework\spring-web\6.1.14\spring-web-6.1.14.jar;D:\ctz\BS\repo\org\springframework\spring-beans\6.1.14\spring-beans-6.1.14.jar;D:\ctz\BS\repo\io\micrometer\micrometer-observation\1.13.6\micrometer-observation-1.13.6.jar;D:\ctz\BS\repo\io\micrometer\micrometer-commons\1.13.6\micrometer-commons-1.13.6.jar;D:\ctz\BS\repo\org\springframework\spring-webmvc\6.1.14\spring-webmvc-6.1.14.jar;D:\ctz\BS\repo\org\springframework\spring-aop\6.1.14\spring-aop-6.1.14.jar;D:\ctz\BS\repo\org\springframework\spring-expression\6.1.14\spring-expression-6.1.14.jar;D:\ctz\BS\repo\org\mybatis\spring\boot\mybatis-spring-boot-starter\3.0.3\mybatis-spring-boot-starter-3.0.3.jar;D:\ctz\BS\repo\org\springframework\boot\spring-boot-starter-jdbc\3.3.5\spring-boot-starter-jdbc-3.3.5.jar;D:\ctz\BS\repo\com\zaxxer\HikariCP\5.1.0\HikariCP-5.1.0.jar;D:\ctz\BS\repo\org\springframework\spring-jdbc\6.1.14\spring-jdbc-6.1.14.jar;D:\ctz\BS\repo\org\springframework\spring-tx\6.1.14\spring-tx-6.1.14.jar;D:\ctz\BS\repo\org\mybatis\spring\boot\mybatis-spring-boot-autoconfigure\3.0.3\mybatis-spring-boot-autoconfigure-3.0.3.jar;D:\ctz\BS\repo\org\mybatis\mybatis\3.5.14\mybatis-3.5.14.jar;D:\ctz\BS\repo\org\mybatis\mybatis-spring\3.0.3\mybatis-spring-3.0.3.jar;D:\ctz\BS\repo\com\mysql\mysql-connector-j\8.0.32\mysql-connector-j-8.0.32.jar;D:\ctz\BS\repo\com\github\pagehelper\pagehelper-spring-boot-starter\1.4.6\pagehelper-spring-boot-starter-1.4.6.jar;D:\ctz\BS\repo\com\github\pagehelper\pagehelper-spring-boot-autoconfigure\1.4.6\pagehelper-spring-boot-autoconfigure-1.4.6.jar;D:\ctz\BS\repo\com\github\pagehelper\pagehelper\5.3.2\pagehelper-5.3.2.jar;D:\ctz\BS\repo\com\github\jsqlparser\jsqlparser\4.5\jsqlparser-4.5.jar;"/>
    <property name="java.vm.vendor" value="Amazon.com Inc."/>
    <property name="sun.arch.data.model" value="64"/>
    <property name="user.variant" value=""/>
    <property name="java.vendor.url" value="https://aws.amazon.com/corretto/"/>
    <property name="user.timezone" value="Asia/Shanghai"/>
    <property name="os.name" value="Windows 10"/>
    <property name="java.vm.specification.version" value="21"/>
    <property name="sun.java.launcher" value="SUN_STANDARD"/>
    <property name="user.country" value="CN"/>
    <property name="sun.boot.library.path" value="E:\Applications\JDK21\bin"/>
    <property name="sun.java.command" value="C:\Users\cctz4\AppData\Local\Temp\surefire4408869144334289661\surefirebooter-20241212145519386_3.jar C:\Users\cctz4\AppData\Local\Temp\surefire4408869144334289661 2024-12-12T14-55-19_246-jvmRun1 surefire-20241212145519386_1tmp surefire_0-20241212145519386_2tmp"/>
    <property name="jdk.debug" value="release"/>
    <property name="surefire.test.class.path" value="D:\ctz\BS\CommercialComp\backend\target\test-classes;D:\ctz\BS\CommercialComp\backend\target\classes;D:\ctz\BS\repo\org\springframework\boot\spring-boot-starter\3.3.5\spring-boot-starter-3.3.5.jar;D:\ctz\BS\repo\org\springframework\boot\spring-boot\3.3.5\spring-boot-3.3.5.jar;D:\ctz\BS\repo\org\springframework\spring-context\6.1.14\spring-context-6.1.14.jar;D:\ctz\BS\repo\org\springframework\boot\spring-boot-autoconfigure\3.3.5\spring-boot-autoconfigure-3.3.5.jar;D:\ctz\BS\repo\org\springframework\boot\spring-boot-starter-logging\3.3.5\spring-boot-starter-logging-3.3.5.jar;D:\ctz\BS\repo\ch\qos\logback\logback-classic\1.5.11\logback-classic-1.5.11.jar;D:\ctz\BS\repo\ch\qos\logback\logback-core\1.5.11\logback-core-1.5.11.jar;D:\ctz\BS\repo\org\apache\logging\log4j\log4j-to-slf4j\2.23.1\log4j-to-slf4j-2.23.1.jar;D:\ctz\BS\repo\org\apache\logging\log4j\log4j-api\2.23.1\log4j-api-2.23.1.jar;D:\ctz\BS\repo\org\slf4j\jul-to-slf4j\2.0.16\jul-to-slf4j-2.0.16.jar;D:\ctz\BS\repo\jakarta\annotation\jakarta.annotation-api\2.1.1\jakarta.annotation-api-2.1.1.jar;D:\ctz\BS\repo\org\springframework\spring-core\6.1.14\spring-core-6.1.14.jar;D:\ctz\BS\repo\org\springframework\spring-jcl\6.1.14\spring-jcl-6.1.14.jar;D:\ctz\BS\repo\org\yaml\snakeyaml\2.2\snakeyaml-2.2.jar;D:\ctz\BS\repo\org\springframework\boot\spring-boot-starter-test\3.3.5\spring-boot-starter-test-3.3.5.jar;D:\ctz\BS\repo\org\springframework\boot\spring-boot-test\3.3.5\spring-boot-test-3.3.5.jar;D:\ctz\BS\repo\org\springframework\boot\spring-boot-test-autoconfigure\3.3.5\spring-boot-test-autoconfigure-3.3.5.jar;D:\ctz\BS\repo\com\jayway\jsonpath\json-path\2.9.0\json-path-2.9.0.jar;D:\ctz\BS\repo\org\slf4j\slf4j-api\2.0.16\slf4j-api-2.0.16.jar;D:\ctz\BS\repo\jakarta\xml\bind\jakarta.xml.bind-api\4.0.2\jakarta.xml.bind-api-4.0.2.jar;D:\ctz\BS\repo\jakarta\activation\jakarta.activation-api\2.1.3\jakarta.activation-api-2.1.3.jar;D:\ctz\BS\repo\net\minidev\json-smart\2.5.1\json-smart-2.5.1.jar;D:\ctz\BS\repo\net\minidev\accessors-smart\2.5.1\accessors-smart-2.5.1.jar;D:\ctz\BS\repo\org\ow2\asm\asm\9.6\asm-9.6.jar;D:\ctz\BS\repo\org\assertj\assertj-core\3.25.3\assertj-core-3.25.3.jar;D:\ctz\BS\repo\net\bytebuddy\byte-buddy\1.14.19\byte-buddy-1.14.19.jar;D:\ctz\BS\repo\org\awaitility\awaitility\4.2.2\awaitility-4.2.2.jar;D:\ctz\BS\repo\org\hamcrest\hamcrest\2.2\hamcrest-2.2.jar;D:\ctz\BS\repo\org\junit\jupiter\junit-jupiter\5.10.5\junit-jupiter-5.10.5.jar;D:\ctz\BS\repo\org\junit\jupiter\junit-jupiter-api\5.10.5\junit-jupiter-api-5.10.5.jar;D:\ctz\BS\repo\org\opentest4j\opentest4j\1.3.0\opentest4j-1.3.0.jar;D:\ctz\BS\repo\org\junit\platform\junit-platform-commons\1.10.5\junit-platform-commons-1.10.5.jar;D:\ctz\BS\repo\org\apiguardian\apiguardian-api\1.1.2\apiguardian-api-1.1.2.jar;D:\ctz\BS\repo\org\junit\jupiter\junit-jupiter-params\5.10.5\junit-jupiter-params-5.10.5.jar;D:\ctz\BS\repo\org\junit\jupiter\junit-jupiter-engine\5.10.5\junit-jupiter-engine-5.10.5.jar;D:\ctz\BS\repo\org\junit\platform\junit-platform-engine\1.10.5\junit-platform-engine-1.10.5.jar;D:\ctz\BS\repo\org\mockito\mockito-core\5.11.0\mockito-core-5.11.0.jar;D:\ctz\BS\repo\net\bytebuddy\byte-buddy-agent\1.14.19\byte-buddy-agent-1.14.19.jar;D:\ctz\BS\repo\org\objenesis\objenesis\3.3\objenesis-3.3.jar;D:\ctz\BS\repo\org\mockito\mockito-junit-jupiter\5.11.0\mockito-junit-jupiter-5.11.0.jar;D:\ctz\BS\repo\org\skyscreamer\jsonassert\1.5.3\jsonassert-1.5.3.jar;D:\ctz\BS\repo\com\vaadin\external\google\android-json\0.0.20131108.vaadin1\android-json-0.0.20131108.vaadin1.jar;D:\ctz\BS\repo\org\springframework\spring-test\6.1.14\spring-test-6.1.14.jar;D:\ctz\BS\repo\org\xmlunit\xmlunit-core\2.9.1\xmlunit-core-2.9.1.jar;D:\ctz\BS\repo\org\springframework\boot\spring-boot-starter-web\3.3.5\spring-boot-starter-web-3.3.5.jar;D:\ctz\BS\repo\org\springframework\boot\spring-boot-starter-json\3.3.5\spring-boot-starter-json-3.3.5.jar;D:\ctz\BS\repo\com\fasterxml\jackson\core\jackson-databind\2.17.2\jackson-databind-2.17.2.jar;D:\ctz\BS\repo\com\fasterxml\jackson\core\jackson-annotations\2.17.2\jackson-annotations-2.17.2.jar;D:\ctz\BS\repo\com\fasterxml\jackson\core\jackson-core\2.17.2\jackson-core-2.17.2.jar;D:\ctz\BS\repo\com\fasterxml\jackson\datatype\jackson-datatype-jdk8\2.17.2\jackson-datatype-jdk8-2.17.2.jar;D:\ctz\BS\repo\com\fasterxml\jackson\datatype\jackson-datatype-jsr310\2.17.2\jackson-datatype-jsr310-2.17.2.jar;D:\ctz\BS\repo\com\fasterxml\jackson\module\jackson-module-parameter-names\2.17.2\jackson-module-parameter-names-2.17.2.jar;D:\ctz\BS\repo\org\springframework\boot\spring-boot-starter-tomcat\3.3.5\spring-boot-starter-tomcat-3.3.5.jar;D:\ctz\BS\repo\org\apache\tomcat\embed\tomcat-embed-core\10.1.31\tomcat-embed-core-10.1.31.jar;D:\ctz\BS\repo\org\apache\tomcat\embed\tomcat-embed-el\10.1.31\tomcat-embed-el-10.1.31.jar;D:\ctz\BS\repo\org\apache\tomcat\embed\tomcat-embed-websocket\10.1.31\tomcat-embed-websocket-10.1.31.jar;D:\ctz\BS\repo\org\springframework\spring-web\6.1.14\spring-web-6.1.14.jar;D:\ctz\BS\repo\org\springframework\spring-beans\6.1.14\spring-beans-6.1.14.jar;D:\ctz\BS\repo\io\micrometer\micrometer-observation\1.13.6\micrometer-observation-1.13.6.jar;D:\ctz\BS\repo\io\micrometer\micrometer-commons\1.13.6\micrometer-commons-1.13.6.jar;D:\ctz\BS\repo\org\springframework\spring-webmvc\6.1.14\spring-webmvc-6.1.14.jar;D:\ctz\BS\repo\org\springframework\spring-aop\6.1.14\spring-aop-6.1.14.jar;D:\ctz\BS\repo\org\springframework\spring-expression\6.1.14\spring-expression-6.1.14.jar;D:\ctz\BS\repo\org\mybatis\spring\boot\mybatis-spring-boot-starter\3.0.3\mybatis-spring-boot-starter-3.0.3.jar;D:\ctz\BS\repo\org\springframework\boot\spring-boot-starter-jdbc\3.3.5\spring-boot-starter-jdbc-3.3.5.jar;D:\ctz\BS\repo\com\zaxxer\HikariCP\5.1.0\HikariCP-5.1.0.jar;D:\ctz\BS\repo\org\springframework\spring-jdbc\6.1.14\spring-jdbc-6.1.14.jar;D:\ctz\BS\repo\org\springframework\spring-tx\6.1.14\spring-tx-6.1.14.jar;D:\ctz\BS\repo\org\mybatis\spring\boot\mybatis-spring-boot-autoconfigure\3.0.3\mybatis-spring-boot-autoconfigure-3.0.3.jar;D:\ctz\BS\repo\org\mybatis\mybatis\3.5.14\mybatis-3.5.14.jar;D:\ctz\BS\repo\org\mybatis\mybatis-spring\3.0.3\mybatis-spring-3.0.3.jar;D:\ctz\BS\repo\com\mysql\mysql-connector-j\8.0.32\mysql-connector-j-8.0.32.jar;D:\ctz\BS\repo\com\github\pagehelper\pagehelper-spring-boot-starter\1.4.6\pagehelper-spring-boot-starter-1.4.6.jar;D:\ctz\BS\repo\com\github\pagehelper\pagehelper-spring-boot-autoconfigure\1.4.6\pagehelper-spring-boot-autoconfigure-1.4.6.jar;D:\ctz\BS\repo\com\github\pagehelper\pagehelper\5.3.2\pagehelper-5.3.2.jar;D:\ctz\BS\repo\com\github\jsqlparser\jsqlparser\4.5\jsqlparser-4.5.jar;"/>
    <property name="sun.cpu.endian" value="little"/>
    <property name="user.home" value="C:\Users\cctz4"/>
    <property name="user.language" value="zh"/>
    <property name="java.specification.vendor" value="Oracle Corporation"/>
    <property name="java.version.date" value="2024-10-15"/>
    <property name="java.home" value="E:\Applications\JDK21"/>
    <property name="file.separator" value="\"/>
    <property name="basedir" value="D:\ctz\BS\CommercialComp\backend"/>
    <property name="java.vm.compressedOopsMode" value="Zero based"/>
    <property name="line.separator" value="&#10;"/>
    <property name="java.vm.specification.vendor" value="Oracle Corporation"/>
    <property name="java.specification.name" value="Java Platform API Specification"/>
    <property name="FILE_LOG_CHARSET" value="UTF-8"/>
    <property name="java.awt.headless" value="true"/>
    <property name="surefire.real.class.path" value="C:\Users\cctz4\AppData\Local\Temp\surefire4408869144334289661\surefirebooter-20241212145519386_3.jar"/>
    <property name="user.script" value=""/>
    <property name="sun.management.compiler" value="HotSpot 64-Bit Tiered Compilers"/>
    <property name="java.runtime.version" value="21.0.5+11-LTS"/>
    <property name="user.name" value="Cortizy"/>
    <property name="stdout.encoding" value="GBK"/>
    <property name="path.separator" value=";"/>
    <property name="os.version" value="10.0"/>
    <property name="java.runtime.name" value="OpenJDK Runtime Environment"/>
    <property name="file.encoding" value="UTF-8"/>
    <property name="java.vm.name" value="OpenJDK 64-Bit Server VM"/>
    <property name="java.vendor.version" value="Corretto-21.0.5.11.1"/>
    <property name="localRepository" value="D:\ctz\BS\repo"/>
    <property name="java.vendor.url.bug" value="https://github.com/corretto/corretto-21/issues/"/>
    <property name="java.io.tmpdir" value="C:\Users\cctz4\AppData\Local\Temp\"/>
    <property name="idea.version" value="2024.2.4"/>
    <property name="java.version" value="21.0.5"/>
    <property name="user.dir" value="D:\ctz\BS\CommercialComp\backend"/>
    <property name="os.arch" value="amd64"/>
    <property name="java.vm.specification.name" value="Java Virtual Machine Specification"/>
    <property name="PID" value="10296"/>
    <property name="sun.os.patch.level" value=""/>
    <property name="CONSOLE_LOG_CHARSET" value="UTF-8"/>
    <property name="native.encoding" value="GBK"/>
    <property name="java.library.path" value="E:\Applications\JDK21\bin;C:\Windows\Sun\Java\bin;C:\Windows\system32;C:\Windows;C:\Python312\Scripts\;C:\Python312\;C:\Program Files\NVIDIA GPU Computing Toolkit\CUDA\v12.1\bin;C:\Program Files\NVIDIA GPU Computing Toolkit\CUDA\v12.1\libnvvp;E:\Applications\Vmware Workstation\bin\;C:\Program Files (x86)\Razer Chroma SDK\bin;C:\Program Files\Razer Chroma SDK\bin;C:\Program Files (x86)\Razer\ChromaBroadcast\bin;C:\Program Files\Razer\ChromaBroadcast\bin;C:\Program Files\PlasticSCM5\server;C:\Program Files\PlasticSCM5\client;C:\Program Files\Common Files\Oracle\Java\javapath;C:\Program Files (x86)\Common Files\Oracle\Java\javapath;C:\Windows\system32;C:\Windows;C:\Windows\System32\Wbem;C:\Windows\System32\WindowsPowerShell\v1.0\;C:\Windows\System32\OpenSSH\;C:\Program Files (x86)\NVIDIA Corporation\PhysX\Common;C:\Program Files\NVIDIA Corporation\NVIDIA NvDLISR;C:\Program Files (x86)\Dev-Cpp\MinGW64\bin;C:\Program Files\dotnet\;C:\Users\cctz4\AppData\Local\Programs\Python\Python37-32\Scripts\;C:\Users\cctz4\AppData\Local\Programs\Python\Python37-32\;C:\Users\cctz4\AppData\Local\Microsoft\WindowsApps;C:\Users\cctz4\AppData\Roaming\npm;C:\Program Files\Bandizip\;D:\Applications\Microsoft VS Code\bin;D:\Applications\Qt\5.14.2\msvc2017_64\bin;E:\Applications\MySQL\MySQL\bin;E:\Applications\OpenSSL-Win64\bin;E:\Applications\Java\bin;E:\Applications\Java\jre\bin;C:\Windows\system32\config\systemprofile\AppData\Local\Microsoft\WindowsApps;E:\Applications\Graphviz\bin;C:\Program Files\NVIDIA Corporation\Nsight Compute 2023.1.1\;C:\ProgramData\chocolatey\bin;C:\Program Files\nodejs\;C:\Program Files\Google\Chrome\Application;C:\Program Files\Git\cmd;C:\Program Files\Docker\Docker\resources\bin;C:\Users\cctz4\AppData\Local\Programs\Python\Python37-32\Scripts\;C:\Users\cctz4\AppData\Local\Programs\Python\Python37-32\;C:\Users\cctz4\AppData\Local\Microsoft\WindowsApps;C:\Program Files\Bandizip\;D:\Applications\Microsoft VS Code\bin;D:\Applications\Qt\5.14.2\msvc2017_64\bin;E:\Applications\OpenSSL-Win64\bin;C:\Program Files\Java\jdk1.8.0_351\bin;C:\Program Files\Java\jdk1.8.0_351\jre\bin;E:\Applications\curl-8.6.0_2-win64-mingw\bin;C:\Program Files (x86)\GnuWin32\bin;C:\Program Files\NVIDIA GPU Computing Toolkit\CUDA\v12.5\bin;C:\Program Files\NVIDIA GPU Computing Toolkit\CUDA\v12.5\include;C:\Program Files\NVIDIA GPU Computing Toolkit\CUDA\v12.5\lib;C:\Program Files\NVIDIA GPU Computing Toolkit\CUDA\v12.5\libnvvp;E:\Applications\apache-maven-3.9.7\bin;C:\Users\cctz4\.dotnet\tools;C:\Users\cctz4\AppData\Roaming\npm;D:\ctz\BS\apache-maven-3.6.3\bin;;."/>
    <property name="java.vm.info" value="mixed mode, sharing"/>
    <property name="stderr.encoding" value="GBK"/>
    <property name="java.vendor" value="Amazon.com Inc."/>
    <property name="java.vm.version" value="21.0.5+11-LTS"/>
    <property name="sun.io.unicode.encoding" value="UnicodeLittle"/>
    <property name="maven.repo.local" value="D:\ctz\BS\repo"/>
    <property name="java.class.version" value="65.0"/>
  </properties>
  <testcase name="contextLoads" classname="com.example.backend.BackendApplicationTests" time="0.959">
    <system-out><![CDATA[14:55:20.803 [main] INFO org.springframework.test.context.support.AnnotationConfigContextLoaderUtils -- Could not detect default configuration classes for test class [com.example.backend.BackendApplicationTests]: BackendApplicationTests does not declare any static, non-private, non-final, nested classes annotated with @Configuration.
14:55:20.985 [main] INFO org.springframework.boot.test.context.SpringBootTestContextBootstrapper -- Found @SpringBootConfiguration com.example.backend.BackendApplication for test class com.example.backend.BackendApplicationTests

  .   ____          _            __ _ _
 /\\ / ___'_ __ _ _(_)_ __  __ _ \ \ \ \
( ( )\___ | '_ | '_| | '_ \/ _` | \ \ \ \
 \\/  ___)| |_)| | | | | || (_| |  ) ) ) )
  '  |____| .__|_| |_|_| |_\__, | / / / /
 =========|_|==============|___/=/_/_/_/

 :: Spring Boot ::                (v3.3.5)

2024-12-12T14:55:21.649+08:00  INFO 10296 --- [           main] c.e.backend.BackendApplicationTests      : Starting BackendApplicationTests using Java 21.0.5 with PID 10296 (started by Cortizy in D:\ctz\BS\CommercialComp\backend)
2024-12-12T14:55:21.649+08:00  INFO 10296 --- [           main] c.e.backend.BackendApplicationTests      : No active profile set, falling back to 1 default profile: "default"
Logging initialized using 'class org.apache.ibatis.logging.stdout.StdOutImpl' adapter.


,------.                           ,--.  ,--.         ,--.                         
|  .--. '  ,--,--.  ,---.   ,---.  |  '--'  |  ,---.  |  |  ,---.   ,---.  ,--.--. 
|  '--' | ' ,-.  | | .-. | | .-. : |  .--.  | | .-. : |  | | .-. | | .-. : |  .--' 
|  | --'  \ '-'  | ' '-' ' \   --. |  |  |  | \   --. |  | | '-' ' \   --. |  |    
`--'       `--`--' .`-  /   `----' `--'  `--'  `----' `--' |  |-'   `----' `--'    
                   `---'                                   `--'                        is intercepting.

2024-12-12T14:55:23.802+08:00  INFO 10296 --- [           main] c.e.backend.BackendApplicationTests      : Started BackendApplicationTests in 2.591 seconds (process running for 4.11)
]]></system-out>
    <system-err><![CDATA[WARNING: A Java agent has been loaded dynamically (D:\ctz\BS\repo\net\bytebuddy\byte-buddy-agent\1.14.19\byte-buddy-agent-1.14.19.jar)
WARNING: If a serviceability tool is in use, please run with -XX:+EnableDynamicAgentLoading to hide this warning
WARNING: If a serviceability tool is not in use, please run with -Djdk.instrument.traceUsage for more information
WARNING: Dynamic loading of agents will be disallowed by default in a future release
]]></system-err>
  </testcase>
</testsuite>